c:\chatscript\chatscriptide\debug\chatscriptide.pch
c:\chatscript\chatscriptide\debug\vc140.pdb
c:\chatscript\chatscriptide\debug\vc140.idb
c:\chatscript\chatscriptide\debug\stdafx.obj
c:\chatscript\chatscriptide\debug\mongodb.obj
c:\chatscript\chatscriptide\debug\mysql.obj
c:\chatscript\chatscriptide\debug\os.obj
c:\chatscript\chatscriptide\debug\outputsystem.obj
c:\chatscript\chatscriptide\debug\patternsystem.obj
c:\chatscript\chatscriptide\debug\postgres.obj
c:\chatscript\chatscriptide\debug\privatesrc.obj
c:\chatscript\chatscriptide\debug\scriptcompile.obj
c:\chatscript\chatscriptide\debug\secure.obj
c:\chatscript\chatscriptide\debug\spellcheck.obj
c:\chatscript\chatscriptide\debug\systemvariables.obj
c:\chatscript\chatscriptide\debug\tagger.obj
c:\chatscript\chatscriptide\debug\testing.obj
c:\chatscript\chatscriptide\debug\textutilities.obj
c:\chatscript\chatscriptide\debug\tokensystem.obj
c:\chatscript\chatscriptide\debug\topicsystem.obj
c:\chatscript\chatscriptide\debug\usercache.obj
c:\chatscript\chatscriptide\debug\usersystem.obj
c:\chatscript\chatscriptide\debug\variablesystem.obj
c:\chatscript\chatscriptide\debug\chatscriptide.obj
c:\chatscript\chatscriptide\debug\constructcode.obj
c:\chatscript\chatscriptide\debug\csocket.obj
c:\chatscript\chatscriptide\debug\dictionarysystem.obj
c:\chatscript\chatscriptide\debug\duktape.obj
c:\chatscript\chatscriptide\debug\english.obj
c:\chatscript\chatscriptide\debug\englishtagger.obj
c:\chatscript\chatscriptide\debug\evserver.obj
c:\chatscript\chatscriptide\debug\factsystem.obj
c:\chatscript\chatscriptide\debug\functionexecute.obj
c:\chatscript\chatscriptide\debug\infer.obj
c:\chatscript\chatscriptide\debug\javascript.obj
c:\chatscript\chatscriptide\debug\jsmn.obj
c:\chatscript\chatscriptide\debug\json.obj
c:\chatscript\chatscriptide\debug\mainsystem.obj
c:\chatscript\chatscriptide\debug\marksystem.obj
c:\chatscript\chatscriptide\debug\cs_ev.obj
c:\chatscript\binaries\chatscriptide.ilk
c:\chatscript\binaries\chatscriptide.exe
c:\chatscript\binaries\chatscriptide.pdb
c:\chatscript\chatscriptide\debug\chatscriptide.res
c:\chatscript\chatscriptide\debug\chatscriptide.obj.enc
c:\chatscript\vs2015\..\binaries\chatscriptide.pdb
c:\chatscript\vs2015\..\binaries\chatscriptide.exe
c:\chatscript\vs2015\..\binaries\chatscriptide.ilk
c:\chatscript\chatscriptide\debug\chatscriptide.tlog\cl.command.1.tlog
c:\chatscript\chatscriptide\debug\chatscriptide.tlog\cl.read.1.tlog
c:\chatscript\chatscriptide\debug\chatscriptide.tlog\cl.write.1.tlog
c:\chatscript\chatscriptide\debug\chatscriptide.tlog\link.command.1.tlog
c:\chatscript\chatscriptide\debug\chatscriptide.tlog\link.read.1.tlog
c:\chatscript\chatscriptide\debug\chatscriptide.tlog\link.write.1.tlog
c:\chatscript\chatscriptide\debug\chatscriptide.tlog\rc.command.1.tlog
c:\chatscript\chatscriptide\debug\chatscriptide.tlog\rc.read.1.tlog
c:\chatscript\chatscriptide\debug\chatscriptide.tlog\rc.write.1.tlog
