  stdafx.cpp
  constructCode.cpp
  csocket.cpp
c:\chatscript\src\easywclient/easywsclient.cpp(413): warning C4244: 'argument': conversion from 'uint64_t' to 'int', possible loss of data
  c:\chatscript\src\easywclient/easywsclient.cpp(332): note: see reference to function template instantiation 'void `anonymous-namespace'::_RealWebSocket::sendData<std::_String_iterator<std::_String_val<std::_Simple_types<char>>>>(`anonymous-namespace'::_RealWebSocket::wsheader_type::opcode_type,uint64_t,Iterator,Iterator)' being compiled
          with
          [
              Iterator=std::_String_iterator<std::_String_val<std::_Simple_types<char>>>
          ]
  dictionarySystem.cpp
..\SRC\dictionarySystem.cpp(1529): warning C4018: '<=': signed/unsigned mismatch
..\SRC\dictionarySystem.cpp(1542): warning C4018: '<=': signed/unsigned mismatch
..\SRC\dictionarySystem.cpp(1779): warning C4018: '<=': signed/unsigned mismatch
  duktape.cpp
..\SRC\duktape\duktape.cpp(28286): warning C4551: function call missing argument list
  english.cpp
  englishTagger.cpp
..\SRC\englishTagger.cpp(2234): warning C4018: '<=': signed/unsigned mismatch
  evserver.cpp
  factSystem.cpp
  functionExecute.cpp
..\SRC\functionExecute.cpp(983): warning C4018: '>': signed/unsigned mismatch
..\SRC\functionExecute.cpp(1018): warning C4018: '>': signed/unsigned mismatch
  infer.cpp
..\SRC\infer.cpp(1074): warning C4244: '=': conversion from 'double' to 'float', possible loss of data
..\SRC\infer.cpp(1079): warning C4244: '=': conversion from 'double' to 'float', possible loss of data
..\SRC\infer.cpp(1288): warning C4244: '=': conversion from 'double' to 'float', possible loss of data
..\SRC\infer.cpp(1301): warning C4244: '=': conversion from 'double' to 'float', possible loss of data
  javascript.cpp
..\SRC\javascript.cpp(187): warning C4996: 'strcpy': This function or variable may be unsafe. Consider using strcpy_s instead. To disable deprecation, use _CRT_SECURE_NO_WARNINGS. See online help for details.
  C:\Program Files (x86)\Windows Kits\10\Include\10.0.10240.0\ucrt\string.h(119): note: see declaration of 'strcpy'
..\SRC\javascript.cpp(190): warning C4996: 'strcpy': This function or variable may be unsafe. Consider using strcpy_s instead. To disable deprecation, use _CRT_SECURE_NO_WARNINGS. See online help for details.
  C:\Program Files (x86)\Windows Kits\10\Include\10.0.10240.0\ucrt\string.h(119): note: see declaration of 'strcpy'
..\SRC\javascript.cpp(191): warning C4996: 'strcpy': This function or variable may be unsafe. Consider using strcpy_s instead. To disable deprecation, use _CRT_SECURE_NO_WARNINGS. See online help for details.
  C:\Program Files (x86)\Windows Kits\10\Include\10.0.10240.0\ucrt\string.h(119): note: see declaration of 'strcpy'
..\SRC\javascript.cpp(30): warning C4996: 'stricmp': The POSIX name for this item is deprecated. Instead, use the ISO C and C++ conformant name: _stricmp. See online help for details.
  C:\Program Files (x86)\Windows Kits\10\Include\10.0.10240.0\ucrt\string.h(568): note: see declaration of 'stricmp'
..\SRC\javascript.cpp(56): warning C4996: 'stricmp': The POSIX name for this item is deprecated. Instead, use the ISO C and C++ conformant name: _stricmp. See online help for details.
  C:\Program Files (x86)\Windows Kits\10\Include\10.0.10240.0\ucrt\string.h(568): note: see declaration of 'stricmp'
..\SRC\javascript.cpp(63): warning C4996: 'stricmp': The POSIX name for this item is deprecated. Instead, use the ISO C and C++ conformant name: _stricmp. See online help for details.
  C:\Program Files (x86)\Windows Kits\10\Include\10.0.10240.0\ucrt\string.h(568): note: see declaration of 'stricmp'
..\SRC\javascript.cpp(72): warning C4996: 'stricmp': The POSIX name for this item is deprecated. Instead, use the ISO C and C++ conformant name: _stricmp. See online help for details.
  C:\Program Files (x86)\Windows Kits\10\Include\10.0.10240.0\ucrt\string.h(568): note: see declaration of 'stricmp'
..\SRC\javascript.cpp(78): warning C4996: 'stricmp': The POSIX name for this item is deprecated. Instead, use the ISO C and C++ conformant name: _stricmp. See online help for details.
  C:\Program Files (x86)\Windows Kits\10\Include\10.0.10240.0\ucrt\string.h(568): note: see declaration of 'stricmp'
..\SRC\javascript.cpp(92): warning C4996: 'stricmp': The POSIX name for this item is deprecated. Instead, use the ISO C and C++ conformant name: _stricmp. See online help for details.
  C:\Program Files (x86)\Windows Kits\10\Include\10.0.10240.0\ucrt\string.h(568): note: see declaration of 'stricmp'
..\SRC\javascript.cpp(94): warning C4996: 'stricmp': The POSIX name for this item is deprecated. Instead, use the ISO C and C++ conformant name: _stricmp. See online help for details.
  C:\Program Files (x86)\Windows Kits\10\Include\10.0.10240.0\ucrt\string.h(568): note: see declaration of 'stricmp'
..\SRC\javascript.cpp(142): warning C4996: 'stricmp': The POSIX name for this item is deprecated. Instead, use the ISO C and C++ conformant name: _stricmp. See online help for details.
  C:\Program Files (x86)\Windows Kits\10\Include\10.0.10240.0\ucrt\string.h(568): note: see declaration of 'stricmp'
..\SRC\javascript.cpp(146): warning C4996: 'stricmp': The POSIX name for this item is deprecated. Instead, use the ISO C and C++ conformant name: _stricmp. See online help for details.
  C:\Program Files (x86)\Windows Kits\10\Include\10.0.10240.0\ucrt\string.h(568): note: see declaration of 'stricmp'
..\SRC\javascript.cpp(155): warning C4996: 'stricmp': The POSIX name for this item is deprecated. Instead, use the ISO C and C++ conformant name: _stricmp. See online help for details.
  C:\Program Files (x86)\Windows Kits\10\Include\10.0.10240.0\ucrt\string.h(568): note: see declaration of 'stricmp'
..\SRC\javascript.cpp(185): warning C4996: 'stricmp': The POSIX name for this item is deprecated. Instead, use the ISO C and C++ conformant name: _stricmp. See online help for details.
  C:\Program Files (x86)\Windows Kits\10\Include\10.0.10240.0\ucrt\string.h(568): note: see declaration of 'stricmp'
..\SRC\javascript.cpp(190): warning C4996: 'stricmp': The POSIX name for this item is deprecated. Instead, use the ISO C and C++ conformant name: _stricmp. See online help for details.
  C:\Program Files (x86)\Windows Kits\10\Include\10.0.10240.0\ucrt\string.h(568): note: see declaration of 'stricmp'
..\SRC\javascript.cpp(191): warning C4996: 'stricmp': The POSIX name for this item is deprecated. Instead, use the ISO C and C++ conformant name: _stricmp. See online help for details.
  C:\Program Files (x86)\Windows Kits\10\Include\10.0.10240.0\ucrt\string.h(568): note: see declaration of 'stricmp'
  jsmn.cpp
  json.cpp
  mainSystem.cpp
..\SRC\mainSystem.cpp(395): warning C4101: 'route': unreferenced local variable
  markSystem.cpp
  mongodb.cpp
  mysql.cpp
  os.cpp
..\SRC\os.cpp(1583): warning C4018: '<': signed/unsigned mismatch
  outputSystem.cpp
  patternSystem.cpp
  Compiling...
  postgres.cpp
  privatesrc.cpp
  scriptCompile.cpp
  secure.cpp
  spellcheck.cpp
..\SRC\spellcheck.cpp(112): warning C4018: '<': signed/unsigned mismatch
..\SRC\spellcheck.cpp(526): warning C4018: '<': signed/unsigned mismatch
..\SRC\spellcheck.cpp(562): warning C4018: '<': signed/unsigned mismatch
..\SRC\spellcheck.cpp(1460): warning C4146: unary minus operator applied to unsigned type, result still unsigned
  systemVariables.cpp
  tagger.cpp
  testing.cpp
..\SRC\testing.cpp(5247): warning C4101: 'botid': unreferenced local variable
  textUtilities.cpp
  tokenSystem.cpp
  topicSystem.cpp
  userCache.cpp
  userSystem.cpp
  variableSystem.cpp
  ChatScriptIDE.cpp
ChatScriptIDE.cpp(549): warning C4018: '>': signed/unsigned mismatch
ChatScriptIDE.cpp(1085): warning C4018: '>': signed/unsigned mismatch
ChatScriptIDE.cpp(1392): warning C4018: '<=': signed/unsigned mismatch
ChatScriptIDE.cpp(1585): warning C4018: '>': signed/unsigned mismatch
ChatScriptIDE.cpp(3330): warning C4018: '<': signed/unsigned mismatch
  cs_ev.c
  Generating code
  Finished generating code
  All 3740 functions were compiled because no usable IPDB/IOBJ from previous compilation was found.
  ChatScriptIDE.vcxproj -> C:\ChatScript\VS2015\..\BINARIES\ChatScriptIDE.exe
  ChatScriptIDE.vcxproj -> C:\ChatScript\VS2015\..\BINARIES\ChatScriptIDE.pdb (Full PDB)
